c:\users\egilotin\source\repos\projetcours\projetcours\x64\debug\vc143.pdb
c:\users\egilotin\source\repos\projetcours\projetcours\x64\debug\vc143.idb
c:\users\egilotin\source\repos\projetcours\projetcours\x64\debug\world.obj
c:\users\egilotin\source\repos\projetcours\projetcours\x64\debug\vector2.obj
c:\users\egilotin\source\repos\projetcours\projetcours\x64\debug\staticobject.obj
c:\users\egilotin\source\repos\projetcours\projetcours\x64\debug\projetcours.obj
c:\users\egilotin\source\repos\projetcours\projetcours\x64\debug\point.obj
c:\users\egilotin\source\repos\projetcours\projetcours\x64\debug\player.obj
c:\users\egilotin\source\repos\projetcours\projetcours\x64\debug\mob.obj
c:\users\egilotin\source\repos\projetcours\projetcours\x64\debug\integer.obj
c:\users\egilotin\source\repos\projetcours\projetcours\x64\debug\alive.obj
c:\users\egilotin\source\repos\projetcours\projetcours\x64\debug\entity.obj
c:\users\egilotin\source\repos\projetcours\projetcours\x64\debug\chatbot.obj
c:\users\egilotin\source\repos\projetcours\projetcours\x64\debug\breakableobject.obj
c:\users\egilotin\source\repos\projetcours\projetcours\x64\debug\amovable.obj
c:\users\egilotin\source\repos\projetcours\projetcours\x64\debug\projetcours.ilk
c:\users\egilotin\source\repos\projetcours\x64\debug\projetcours.pdb
c:\users\egilotin\source\repos\projetcours\projetcours\x64\debug\projetcours.tlog\cl.command.1.tlog
c:\users\egilotin\source\repos\projetcours\projetcours\x64\debug\projetcours.tlog\cl.items.tlog
c:\users\egilotin\source\repos\projetcours\projetcours\x64\debug\projetcours.tlog\cl.read.1.tlog
c:\users\egilotin\source\repos\projetcours\projetcours\x64\debug\projetcours.tlog\cl.write.1.tlog
c:\users\egilotin\source\repos\projetcours\projetcours\x64\debug\projetcours.tlog\link-cvtres.read.1.tlog
c:\users\egilotin\source\repos\projetcours\projetcours\x64\debug\projetcours.tlog\link-cvtres.write.1.tlog
c:\users\egilotin\source\repos\projetcours\projetcours\x64\debug\projetcours.tlog\link-rc.read.1.tlog
c:\users\egilotin\source\repos\projetcours\projetcours\x64\debug\projetcours.tlog\link-rc.write.1.tlog
c:\users\egilotin\source\repos\projetcours\projetcours\x64\debug\projetcours.tlog\link.17644-cvtres.read.1.tlog
c:\users\egilotin\source\repos\projetcours\projetcours\x64\debug\projetcours.tlog\link.17644-cvtres.write.1.tlog
c:\users\egilotin\source\repos\projetcours\projetcours\x64\debug\projetcours.tlog\link.17644-rc.read.1.tlog
c:\users\egilotin\source\repos\projetcours\projetcours\x64\debug\projetcours.tlog\link.17644-rc.write.1.tlog
c:\users\egilotin\source\repos\projetcours\projetcours\x64\debug\projetcours.tlog\link.17644.read.1.tlog
c:\users\egilotin\source\repos\projetcours\projetcours\x64\debug\projetcours.tlog\link.17644.read.2.tlog
c:\users\egilotin\source\repos\projetcours\projetcours\x64\debug\projetcours.tlog\link.17644.read.3.tlog
c:\users\egilotin\source\repos\projetcours\projetcours\x64\debug\projetcours.tlog\link.17644.read.4.tlog
c:\users\egilotin\source\repos\projetcours\projetcours\x64\debug\projetcours.tlog\link.17644.write.1.tlog
c:\users\egilotin\source\repos\projetcours\projetcours\x64\debug\projetcours.tlog\link.command.1.tlog
c:\users\egilotin\source\repos\projetcours\projetcours\x64\debug\projetcours.tlog\link.read.1.tlog
c:\users\egilotin\source\repos\projetcours\projetcours\x64\debug\projetcours.tlog\link.read.2.tlog
c:\users\egilotin\source\repos\projetcours\projetcours\x64\debug\projetcours.tlog\link.read.3.tlog
c:\users\egilotin\source\repos\projetcours\projetcours\x64\debug\projetcours.tlog\link.read.4.tlog
c:\users\egilotin\source\repos\projetcours\projetcours\x64\debug\projetcours.tlog\link.secondary.1.tlog
c:\users\egilotin\source\repos\projetcours\projetcours\x64\debug\projetcours.tlog\link.write.1.tlog
